{"/Users/micacardillo/projects/etr-kit/src/App.tsx": {"path":"/Users/micacardillo/projects/etr-kit/src/App.tsx","statementMap":{"0":{"start":{"line":2,"column":0},"end":{"line":2,"column":62}},"1":{"start":{"line":3,"column":14},"end":{"line":3,"column":30}},"2":{"start":{"line":4,"column":0},"end":{"line":4,"column":21}},"3":{"start":{"line":7,"column":8},"end":{"line":8,"column":82}},"4":{"start":{"line":11,"column":0},"end":{"line":11,"column":22}}},"fnMap":{"0":{"name":"(anonymous_0)","decl":{"start":{"line":6,"column":4},"end":{"line":6,"column":5}},"loc":{"start":{"line":6,"column":13},"end":{"line":9,"column":5}},"line":6}},"branchMap":{},"s":{"0":1,"1":1,"2":1,"3":2,"4":1},"f":{"0":2},"b":{},"inputSourceMap":{"version":3,"file":"App.js","sourceRoot":"","sources":["App.tsx"],"names":[],"mappings":";;AAAA,+BAA+B;AAC/B,qBAAmB;AAEnB,SAAU,SAAQ,KAAK,CAAC,SAAiB;IACvC,MAAM;QACJ,MAAM,CAAC,CACL,6BAAK,SAAS,EAAC,KAAK;YAClB,2BAAG,SAAS,EAAC,WAAW,kBAAgB,CACpC,CACP,CAAC;IACJ,CAAC;CACF;AAED,kBAAe,GAAG,CAAC","sourcesContent":["import * as React from 'react';\nimport './App.css';\n\nclass App extends React.Component<{}, {}> {\n  render() {\n    return (\n      <div className=\"App\">\n        <p className=\"App-intro\">Hello World</p>\n      </div>\n    );\n  }\n}\n\nexport default App;\n"]},"_coverageSchema":"332fd63041d2c1bcb487cc26dd0d5f7d97098a6c","hash":"3514cb1c58641f5450084dc924033b47740c9d50"}
,"/Users/micacardillo/projects/etr-kit/src/index.tsx": {"path":"/Users/micacardillo/projects/etr-kit/src/index.tsx","statementMap":{"0":{"start":{"line":1,"column":13},"end":{"line":1,"column":42}},"1":{"start":{"line":1,"column":42},"end":{"line":1,"column":55}},"2":{"start":{"line":2,"column":0},"end":{"line":2,"column":62}},"3":{"start":{"line":3,"column":14},"end":{"line":3,"column":30}},"4":{"start":{"line":4,"column":20},"end":{"line":4,"column":40}},"5":{"start":{"line":5,"column":14},"end":{"line":5,"column":30}},"6":{"start":{"line":6,"column":13},"end":{"line":6,"column":42}},"7":{"start":{"line":7,"column":0},"end":{"line":7,"column":17}},"8":{"start":{"line":8,"column":0},"end":{"line":8,"column":32}},"9":{"start":{"line":9,"column":0},"end":{"line":12,"column":2}},"10":{"start":{"line":11,"column":4},"end":{"line":11,"column":68}},"11":{"start":{"line":13,"column":0},"end":{"line":13,"column":94}}},"fnMap":{"0":{"name":"(anonymous_0)","decl":{"start":{"line":9,"column":17},"end":{"line":9,"column":18}},"loc":{"start":{"line":9,"column":62},"end":{"line":12,"column":1}},"line":9}},"branchMap":{},"s":{"0":0,"1":0,"2":0,"3":0,"4":0,"5":0,"6":0,"7":0,"8":0,"9":0,"10":0,"11":0},"f":{"0":0},"b":{}}
,"/Users/micacardillo/projects/etr-kit/src/main.ts": {"path":"/Users/micacardillo/projects/etr-kit/src/main.ts","statementMap":{"0":{"start":{"line":1,"column":13},"end":{"line":1,"column":42}},"1":{"start":{"line":1,"column":42},"end":{"line":1,"column":55}},"2":{"start":{"line":2,"column":0},"end":{"line":2,"column":62}},"3":{"start":{"line":3,"column":19},"end":{"line":3,"column":38}},"4":{"start":{"line":4,"column":27},"end":{"line":4,"column":54}},"5":{"start":{"line":5,"column":25},"end":{"line":5,"column":59}},"6":{"start":{"line":6,"column":23},"end":{"line":6,"column":46}},"7":{"start":{"line":7,"column":12},"end":{"line":7,"column":26}},"8":{"start":{"line":8,"column":0},"end":{"line":8,"column":27}},"9":{"start":{"line":9,"column":0},"end":{"line":9,"column":54}},"10":{"start":{"line":10,"column":0},"end":{"line":10,"column":47}},"11":{"start":{"line":11,"column":0},"end":{"line":11,"column":70}},"12":{"start":{"line":11,"column":41},"end":{"line":11,"column":68}},"13":{"start":{"line":14,"column":10},"end":{"line":14,"column":15}},"14":{"start":{"line":15,"column":0},"end":{"line":17,"column":1}},"15":{"start":{"line":16,"column":4},"end":{"line":16,"column":15}},"16":{"start":{"line":19,"column":4},"end":{"line":19,"column":62}},"17":{"start":{"line":20,"column":30},"end":{"line":20,"column":80}},"18":{"start":{"line":21,"column":4},"end":{"line":23,"column":41}},"19":{"start":{"line":27,"column":4},"end":{"line":43,"column":5}},"20":{"start":{"line":28,"column":8},"end":{"line":28,"column":40}},"21":{"start":{"line":29,"column":8},"end":{"line":33,"column":29}},"22":{"start":{"line":37,"column":8},"end":{"line":37,"column":34}},"23":{"start":{"line":38,"column":8},"end":{"line":41,"column":29}},"24":{"start":{"line":44,"column":4},"end":{"line":44,"column":34}},"25":{"start":{"line":45,"column":4},"end":{"line":54,"column":5}},"26":{"start":{"line":46,"column":8},"end":{"line":46,"column":46}},"27":{"start":{"line":47,"column":22},"end":{"line":49,"column":96}},"28":{"start":{"line":50,"column":8},"end":{"line":53,"column":9}},"29":{"start":{"line":51,"column":12},"end":{"line":51,"column":86}},"30":{"start":{"line":52,"column":12},"end":{"line":52,"column":87}},"31":{"start":{"line":55,"column":4},"end":{"line":55,"column":56}},"32":{"start":{"line":55,"column":33},"end":{"line":55,"column":54}},"33":{"start":{"line":57,"column":0},"end":{"line":57,"column":44}},"34":{"start":{"line":57,"column":33},"end":{"line":57,"column":42}},"35":{"start":{"line":58,"column":0},"end":{"line":60,"column":3}},"36":{"start":{"line":59,"column":4},"end":{"line":59,"column":26}},"37":{"start":{"line":61,"column":0},"end":{"line":61,"column":63}}},"fnMap":{"0":{"name":"(anonymous_0)","decl":{"start":{"line":11,"column":32},"end":{"line":11,"column":33}},"loc":{"start":{"line":11,"column":41},"end":{"line":11,"column":68}},"line":11},"1":{"name":"onReady","decl":{"start":{"line":18,"column":9},"end":{"line":18,"column":16}},"loc":{"start":{"line":18,"column":19},"end":{"line":56,"column":1}},"line":18},"2":{"name":"(anonymous_2)","decl":{"start":{"line":55,"column":27},"end":{"line":55,"column":28}},"loc":{"start":{"line":55,"column":33},"end":{"line":55,"column":54}},"line":55},"3":{"name":"(anonymous_3)","decl":{"start":{"line":57,"column":27},"end":{"line":57,"column":28}},"loc":{"start":{"line":57,"column":33},"end":{"line":57,"column":42}},"line":57},"4":{"name":"(anonymous_4)","decl":{"start":{"line":58,"column":39},"end":{"line":58,"column":40}},"loc":{"start":{"line":58,"column":45},"end":{"line":60,"column":1}},"line":58}},"branchMap":{"0":{"loc":{"start":{"line":15,"column":0},"end":{"line":17,"column":1}},"type":"if","locations":[{"start":{"line":15,"column":0},"end":{"line":17,"column":1}},{"start":{"line":15,"column":0},"end":{"line":17,"column":1}}],"line":15},"1":{"loc":{"start":{"line":27,"column":4},"end":{"line":43,"column":5}},"type":"if","locations":[{"start":{"line":27,"column":4},"end":{"line":43,"column":5}},{"start":{"line":27,"column":4},"end":{"line":43,"column":5}}],"line":27},"2":{"loc":{"start":{"line":45,"column":4},"end":{"line":54,"column":5}},"type":"if","locations":[{"start":{"line":45,"column":4},"end":{"line":54,"column":5}},{"start":{"line":45,"column":4},"end":{"line":54,"column":5}}],"line":45},"3":{"loc":{"start":{"line":47,"column":22},"end":{"line":49,"column":96}},"type":"binary-expr","locations":[{"start":{"line":47,"column":22},"end":{"line":47,"column":68}},{"start":{"line":48,"column":8},"end":{"line":48,"column":89}},{"start":{"line":49,"column":8},"end":{"line":49,"column":96}}],"line":47},"4":{"loc":{"start":{"line":50,"column":8},"end":{"line":53,"column":9}},"type":"if","locations":[{"start":{"line":50,"column":8},"end":{"line":53,"column":9}},{"start":{"line":50,"column":8},"end":{"line":53,"column":9}}],"line":50}},"s":{"0":0,"1":0,"2":0,"3":0,"4":0,"5":0,"6":0,"7":0,"8":0,"9":0,"10":0,"11":0,"12":0,"13":0,"14":0,"15":0,"16":0,"17":0,"18":0,"19":0,"20":0,"21":0,"22":0,"23":0,"24":0,"25":0,"26":0,"27":0,"28":0,"29":0,"30":0,"31":0,"32":0,"33":0,"34":0,"35":0,"36":0,"37":0},"f":{"0":0,"1":0,"2":0,"3":0,"4":0},"b":{"0":[0,0],"1":[0,0],"2":[0,0],"3":[0,0,0],"4":[0,0]}}
}
