TN:
SF:/Users/micacardillo/projects/etr-kit/src/App.tsx
FN:6,(anonymous_0)
FNF:1
FNH:1
FNDA:2,(anonymous_0)
DA:2,1
DA:3,1
DA:4,1
DA:7,2
DA:11,1
LF:5
LH:5
BRF:0
BRH:0
end_of_record
TN:
SF:/Users/micacardillo/projects/etr-kit/src/index.tsx
FN:9,(anonymous_0)
FNF:1
FNH:0
FNDA:0,(anonymous_0)
DA:1,0
DA:2,0
DA:3,0
DA:4,0
DA:5,0
DA:6,0
DA:7,0
DA:8,0
DA:9,0
DA:11,0
DA:13,0
LF:11
LH:0
BRF:0
BRH:0
end_of_record
TN:
SF:/Users/micacardillo/projects/etr-kit/src/main.ts
FN:11,(anonymous_0)
FN:18,onReady
FN:55,(anonymous_2)
FN:57,(anonymous_3)
FN:58,(anonymous_4)
FNF:5
FNH:0
FNDA:0,(anonymous_0)
FNDA:0,onReady
FNDA:0,(anonymous_2)
FNDA:0,(anonymous_3)
FNDA:0,(anonymous_4)
DA:1,0
DA:2,0
DA:3,0
DA:4,0
DA:5,0
DA:6,0
DA:7,0
DA:8,0
DA:9,0
DA:10,0
DA:11,0
DA:14,0
DA:15,0
DA:16,0
DA:19,0
DA:20,0
DA:21,0
DA:27,0
DA:28,0
DA:29,0
DA:37,0
DA:38,0
DA:44,0
DA:45,0
DA:46,0
DA:47,0
DA:50,0
DA:51,0
DA:52,0
DA:55,0
DA:57,0
DA:58,0
DA:59,0
DA:61,0
LF:34
LH:0
BRDA:15,0,0,0
BRDA:15,0,1,0
BRDA:27,1,0,0
BRDA:27,1,1,0
BRDA:45,2,0,0
BRDA:45,2,1,0
BRDA:47,3,0,0
BRDA:47,3,1,0
BRDA:47,3,2,0
BRDA:50,4,0,0
BRDA:50,4,1,0
BRF:11
BRH:0
end_of_record
